[debug] [2017-06-08T17:42:31.626Z] ----------------------------------------------------------------------
[debug] [2017-06-08T17:42:31.630Z] Command:      C:\Program Files\nodejs\node.exe C:\Users\Piyush Agade\AppData\Roaming\npm\node_modules\firebase-tools\bin\firebase deploy
[debug] [2017-06-08T17:42:31.631Z] CLI Version:  3.9.1
[debug] [2017-06-08T17:42:31.631Z] Platform:     win32
[debug] [2017-06-08T17:42:31.631Z] Node Version: v6.10.3
[debug] [2017-06-08T17:42:31.631Z] Time:         Thu Jun 08 2017 13:42:31 GMT-0400 (Eastern Daylight Time)
[debug] [2017-06-08T17:42:31.631Z] ----------------------------------------------------------------------
[debug] 
[debug] [2017-06-08T17:42:31.663Z] > command requires scopes: ["email","openid","https://www.googleapis.com/auth/cloudplatformprojects.readonly","https://www.googleapis.com/auth/firebase","https://www.googleapis.com/auth/cloud-platform"]
[debug] [2017-06-08T17:42:31.663Z] > authorizing via signed-in user
[debug] [2017-06-08T17:42:31.668Z] > refreshing access token with scopes: ["email","https://www.googleapis.com/auth/cloud-platform","https://www.googleapis.com/auth/cloudplatformprojects.readonly","https://www.googleapis.com/auth/firebase","openid"]
[debug] [2017-06-08T17:42:31.669Z] >>> HTTP REQUEST POST https://www.googleapis.com/oauth2/v3/token { refresh_token: '1/Rtj7YZ2GWjW554rtlFIQlH-6hkw9xqjlunG5w6cNtr8',
  client_id: '563584335869-fgrhgmd47bqnekij5i8b5pr03ho849e6.apps.googleusercontent.com',
  client_secret: 'j9iVZfS8kkCEFUPaAeJV0sAi',
  grant_type: 'refresh_token',
  scope: 'email https://www.googleapis.com/auth/cloud-platform https://www.googleapis.com/auth/cloudplatformprojects.readonly https://www.googleapis.com/auth/firebase openid' } 
 Thu Jun 08 2017 13:42:31 GMT-0400 (Eastern Daylight Time)
[debug] [2017-06-08T17:42:31.972Z] <<< HTTP RESPONSE 200
[debug] [2017-06-08T17:42:31.985Z] >>> HTTP REQUEST GET https://admin.firebase.com/v1/projects/skycast-pa  
 Thu Jun 08 2017 13:42:31 GMT-0400 (Eastern Daylight Time)
